// 重构日志: f16e45c3
// 重构日志: eeff59c0
// 重构日志: 3dcd37cb
// 重构日志: e8ac178b
// 重构日志: 2ca89045
// 重构日志: 2c0ab734
// 重构日志: e256e91d
// 同步 ID: 8d2d0d19 @ Fri Jul  3 21:35:46 UTC 2026
// 重构日志: d8f1c51c
// 重构日志: 316c3cd0
// 重构日志: a11e3e84
// 同步 ID: 5057f71d @ Sat Jul 11 11:36:43 UTC 2026
// 同步 ID: 0e71eb22 @ Sat Jul 11 17:57:09 UTC 2026
// 同步 ID: f81377c5 @ Sun Jul 12 11:58:30 UTC 2026
// 同步 ID: 1e4e4c27 @ Sun Jul 12 14:48:04 UTC 2026
// 同步 ID: 947112b4 @ Sun Jul 12 16:50:54 UTC 2026
// 重构日志: 0efac16c
// 重构日志: f49ad84a
// 重构日志: b4aaa9e7
// 重构日志: 5732ab23
// 重构日志: 026c9dfb
// 重构日志: 0d44914a
// 同步 ID: 0c67365b @ Thu Jul 16 14:50:40 UTC 2026
// 同步 ID: 7917ada7 @ Fri Jul 17 08:20:59 UTC 2026
// 重构日志: 70259bc8
// 重构日志: 8aba3698
